=========================================
Starting Admin Frontend
=========================================

Starting Admin Frontend on http://localhost:4000

Admin Login: http://localhost:4000/login

Press Ctrl+C to stop


> frontend-admin@0.1.0 dev
> next dev -p 4000

   ▲ Next.js 16.0.6 (Turbopack)
   - Local:         http://localhost:4000
   - Network:       http://192.168.0.111:4000
   - Environments: .env.local

 ✓ Starting...
 ✓ Ready in 1589ms
 GET / 200 in 1349ms (compile: 1262ms, render: 87ms)
 GET /dashboard 200 in 300ms (compile: 291ms, render: 9ms)
 GET /login 200 in 230ms (compile: 190ms, render: 41ms)
 GET /login 200 in 45ms (compile: 5ms, render: 40ms)
 GET /dashboard 200 in 39ms (compile: 5ms, render: 34ms)
 GET /dashboard 200 in 16ms (compile: 2ms, render: 14ms)
 GET /config 200 in 210ms (compile: 202ms, render: 8ms)
 GET /dashboard 200 in 20ms (compile: 4ms, render: 17ms)
 GET /superadmin 200 in 195ms (compile: 165ms, render: 30ms)
 GET /dashboard 200 in 50ms (compile: 5ms, render: 45ms)
 GET /users 200 in 206ms (compile: 198ms, render: 8ms)
 GET /stocks 200 in 192ms (compile: 185ms, render: 7ms)
 GET /tables 200 in 190ms (compile: 182ms, render: 8ms)
 GET /tables 200 in 24ms (compile: 4ms, render: 20ms)
 ✓ Compiled in 85ms
 GET /tables 200 in 154ms (compile: 72ms, render: 82ms)
 GET / 200 in 79ms (compile: 19ms, render: 60ms)
 GET /dashboard 200 in 13ms (compile: 2ms, render: 11ms)
 GET /admins 200 in 242ms (compile: 234ms, render: 8ms)
 GET /users 200 in 19ms (compile: 5ms, render: 14ms)
 GET /dashboard 200 in 33ms (compile: 11ms, render: 22ms)
 GET /users 200 in 22ms (compile: 6ms, render: 16ms)
 GET /users 200 in 19ms (compile: 3ms, render: 16ms)
 GET /users 200 in 19ms (compile: 3ms, render: 15ms)
 GET /stocks 200 in 20ms (compile: 4ms, render: 16ms)
 GET /stocks 200 in 24ms (compile: 5ms, render: 19ms)
 GET /stock-categories 200 in 236ms (compile: 226ms, render: 10ms)
 GET /sectors 200 in 178ms (compile: 170ms, render: 8ms)
 GET /sectors 200 in 20ms (compile: 3ms, render: 16ms)
 GET /admins 200 in 20ms (compile: 5ms, render: 15ms)
 GET /create-admin 200 in 177ms (compile: 169ms, render: 8ms)
 GET /admins 200 in 20ms (compile: 5ms, render: 16ms)
 GET /create-admin 200 in 20ms (compile: 4ms, render: 16ms)
 GET /dashboard 200 in 23ms (compile: 5ms, render: 17ms)
 GET /admins 200 in 21ms (compile: 4ms, render: 17ms)
 GET /dashboard 200 in 18ms (compile: 3ms, render: 16ms)
 GET /config 200 in 23ms (compile: 6ms, render: 17ms)
 GET /config 200 in 21ms (compile: 3ms, render: 17ms)
 GET /debug-logs 200 in 205ms (compile: 196ms, render: 8ms)
 GET /tables 200 in 25ms (compile: 6ms, render: 19ms)
 GET /dashboard 200 in 55ms (compile: 5ms, render: 50ms)
 GET /superadmin 200 in 47ms (compile: 5ms, render: 41ms)
 GET /users 200 in 24ms (compile: 6ms, render: 18ms)
 GET /dashboard 200 in 22ms (compile: 5ms, render: 18ms)
 GET /users 200 in 21ms (compile: 5ms, render: 16ms)
 GET /users 200 in 45ms (compile: 3ms, render: 42ms)
 GET /dashboard 200 in 25ms (compile: 6ms, render: 19ms)
 GET /users 200 in 21ms (compile: 5ms, render: 16ms)
 GET /stocks 200 in 36ms (compile: 12ms, render: 24ms)
 ✓ Compiled in 72ms
 GET /stocks 200 in 250ms (compile: 240ms, render: 10ms)
 GET /users 200 in 252ms (compile: 201ms, render: 51ms)
 GET /users 200 in 111ms (compile: 20ms, render: 91ms)
 ✓ Compiled in 51ms
 ✓ Compiled in 100ms
 GET /users 200 in 196ms (compile: 111ms, render: 85ms)
 GET /stocks 200 in 70ms (compile: 10ms, render: 60ms)
 GET / 200 in 41ms (compile: 7ms, render: 35ms)
 GET /dashboard 200 in 20ms (compile: 7ms, render: 13ms)
 GET /stocks 200 in 19ms (compile: 4ms, render: 15ms)
 GET /stock-categories 200 in 30ms (compile: 14ms, render: 16ms)
 GET /sectors 200 in 24ms (compile: 9ms, render: 16ms)
 GET /admins 200 in 25ms (compile: 8ms, render: 17ms)
 GET /tables 200 in 27ms (compile: 11ms, render: 16ms)
 GET /sectors 200 in 23ms (compile: 6ms, render: 17ms)
 GET /dashboard 200 in 29ms (compile: 7ms, render: 22ms)
 GET /debug-logs 200 in 36ms (compile: 17ms, render: 19ms)
 GET /stocks 200 in 66ms (compile: 8ms, render: 58ms)
 GET /users 200 in 63ms (compile: 6ms, render: 57ms)
 GET /se 404 in 361ms (compile: 307ms, render: 54ms)
 GET /sectors 200 in 54ms (compile: 7ms, render: 48ms)
 GET /sectors 200 in 53ms (compile: 4ms, render: 48ms)
 GET /admins/2 200 in 685ms (compile: 655ms, render: 30ms)
 GET /admins 200 in 54ms (compile: 4ms, render: 51ms)
 ⚠ Fast Refresh had to perform a full reload due to a runtime error.
 ✓ Compiled in 58ms
 GET /admins 200 in 65ms (compile: 5ms, render: 60ms)
 ⚠ Fast Refresh had to perform a full reload due to a runtime error.
 ✓ Compiled in 61ms
 GET /admins 200 in 62ms (compile: 15ms, render: 47ms)
 ✓ Compiled in 27ms
 GET /dashboard 200 in 73ms (compile: 10ms, render: 64ms)
 ⚠ Fast Refresh had to perform a full reload due to a runtime error.
 ✓ Compiled in 62ms
 GET /stocks 200 in 313ms (compile: 97ms, render: 217ms)
 GET /users 200 in 316ms (compile: 121ms, render: 194ms)
 GET /dashboard 200 in 199ms (compile: 15ms, render: 185ms)
 GET /sectors 200 in 194ms (compile: 14ms, render: 181ms)
 GET /admins 200 in 177ms (compile: 67ms, render: 110ms)
 ✓ Compiled in 28ms
 GET /dashboard 200 in 59ms (compile: 15ms, render: 44ms)
 GET /dashboard 200 in 64ms (compile: 15ms, render: 48ms)
 GET /sectors 200 in 50ms (compile: 7ms, render: 43ms)
 GET /sectors 200 in 61ms (compile: 15ms, render: 46ms)
 GET /users 200 in 38ms (compile: 12ms, render: 27ms)
 GET /stocks 200 in 105ms (compile: 89ms, render: 16ms)
 GET /stocks 200 in 118ms (compile: 9ms, render: 109ms)
 ✓ Compiled in 144ms
 GET /stocks 200 in 238ms (compile: 138ms, render: 100ms)
 GET /dashboard 200 in 18ms (compile: 5ms, render: 13ms)
 GET /users 200 in 29ms (compile: 7ms, render: 22ms)
 GET /stocks 200 in 27ms (compile: 10ms, render: 17ms)
 ✓ Compiled in 97ms
 GET /stocks 200 in 311ms (compile: 279ms, render: 32ms)
 GET /dashboard 200 in 38ms (compile: 13ms, render: 24ms)
 GET /users 200 in 27ms (compile: 10ms, render: 17ms)
 GET /dashboard 200 in 17ms (compile: 2ms, render: 15ms)
 GET /stocks 200 in 23ms (compile: 5ms, render: 19ms)
 GET /dashboard 200 in 13ms (compile: 3ms, render: 9ms)
 GET /stocks 200 in 27ms (compile: 5ms, render: 22ms)
 GET /dashboard 200 in 21ms (compile: 4ms, render: 17ms)
 GET /stock-categories 200 in 28ms (compile: 15ms, render: 13ms)
 GET /dashboard 200 in 19ms (compile: 3ms, render: 15ms)
 GET /sectors 200 in 26ms (compile: 9ms, render: 17ms)
 GET /sectors 200 in 60ms (compile: 13ms, render: 47ms)
 GET /sectors 200 in 73ms (compile: 30ms, render: 43ms)
 GET /dashboard 200 in 77ms (compile: 16ms, render: 62ms)
 GET /stock-categories 200 in 16ms (compile: 4ms, render: 13ms)
 GET /dashboard 200 in 15ms (compile: 2ms, render: 13ms)
 GET /admins 200 in 46ms (compile: 24ms, render: 21ms)
 GET /dashboard 200 in 12ms (compile: 1760µs, render: 10ms)
 GET /tables 200 in 21ms (compile: 7ms, render: 14ms)
 GET /dashboard 200 in 22ms (compile: 4ms, render: 18ms)
 GET /debug-logs 200 in 25ms (compile: 9ms, render: 17ms)
 GET /config 200 in 24ms (compile: 8ms, render: 16ms)
 GET /dashboard 200 in 27ms (compile: 8ms, render: 19ms)
 GET /admins 200 in 15ms (compile: 4ms, render: 11ms)
 GET /create-admin 200 in 31ms (compile: 14ms, render: 17ms)
 GET /dashboard 200 in 21ms (compile: 4ms, render: 17ms)
 GET /superadmin 200 in 79ms (compile: 15ms, render: 64ms)
 GET /dashboard 200 in 22ms (compile: 4ms, render: 18ms)
 GET /admins 200 in 27ms (compile: 8ms, render: 19ms)
 GET /create-admin 200 in 21ms (compile: 4ms, render: 17ms)
 GET /dashboard 200 in 25ms (compile: 7ms, render: 18ms)
 GET / 200 in 49ms (compile: 12ms, render: 37ms)
 GET /login 200 in 20ms (compile: 9ms, render: 11ms)
 GET /dashboard 200 in 35ms (compile: 5ms, render: 30ms)
 GET /dashboard 200 in 16ms (compile: 1904µs, render: 14ms)
 GET /create-admin 200 in 19ms (compile: 5ms, render: 14ms)
 GET /dashboard 200 in 16ms (compile: 3ms, render: 14ms)
 GET /create-admin 200 in 20ms (compile: 4ms, render: 16ms)
 GET /dashboard 200 in 18ms (compile: 3ms, render: 15ms)
 GET /users 200 in 23ms (compile: 5ms, render: 18ms)
 GET /dashboard 200 in 20ms (compile: 3ms, render: 17ms)
 GET /admins 200 in 15ms (compile: 3ms, render: 12ms)
 GET /admins/3 200 in 39ms (compile: 19ms, render: 20ms)
 GET /admins 200 in 27ms (compile: 7ms, render: 21ms)
 GET /dashboard 200 in 49ms (compile: 8ms, render: 40ms)
 GET /users 200 in 25ms (compile: 6ms, render: 19ms)
 GET /admins 200 in 24ms (compile: 4ms, render: 19ms)
 GET /dashboard 200 in 17ms (compile: 3ms, render: 14ms)
 GET /admins 200 in 22ms (compile: 3ms, render: 19ms)
 GET /dashboard 200 in 17ms (compile: 3ms, render: 14ms)
 GET /admins/3 200 in 48ms (compile: 16ms, render: 32ms)
 GET /dashboard 200 in 51ms (compile: 14ms, render: 37ms)
 GET /config 200 in 25ms (compile: 5ms, render: 20ms)
 ✓ Compiled in 149ms
 ✓ Compiled in 59ms
 ✓ Compiled in 211ms
 GET /dashboard 200 in 207ms (compile: 95ms, render: 112ms)
 GET /admins 200 in 89ms (compile: 75ms, render: 14ms)
 GET /admins/3 200 in 29ms (compile: 11ms, render: 18ms)
 GET /admins 200 in 23ms (compile: 5ms, render: 18ms)
 GET /dashboard 200 in 25ms (compile: 6ms, render: 19ms)
 GET /superadmin 200 in 33ms (compile: 4ms, render: 30ms)
 GET /dashboard 200 in 14ms (compile: 2ms, render: 12ms)
 GET /stocks 200 in 96ms (compile: 7ms, render: 88ms)
 GET /dashboard 200 in 12ms (compile: 1975µs, render: 10ms)
 GET /dashboard 200 in 45ms (compile: 4ms, render: 41ms)
 GET /login 200 in 39ms (compile: 5ms, render: 34ms)
 GET /login 200 in 18ms (compile: 2ms, render: 16ms)
 GET /dashboard 200 in 29ms (compile: 4ms, render: 25ms)
 GET /dashboard 200 in 13ms (compile: 1705µs, render: 11ms)
 GET /stock-categories 200 in 24ms (compile: 6ms, render: 18ms)
 GET /dashboard 200 in 20ms (compile: 3ms, render: 17ms)
 GET /sectors 200 in 28ms (compile: 5ms, render: 24ms)
 GET /dashboard 200 in 23ms (compile: 3ms, render: 20ms)
 GET /create-admin 200 in 22ms (compile: 5ms, render: 17ms)
 GET /dashboard 200 in 20ms (compile: 3ms, render: 17ms)
 GET /admins 200 in 42ms (compile: 12ms, render: 30ms)
 GET /dashboard 200 in 24ms (compile: 6ms, render: 17ms)
 GET /dashboard 200 in 22ms (compile: 3ms, render: 18ms)
 ✓ Compiled in 154ms
 GET /dashboard 200 in 179ms (compile: 98ms, render: 81ms)
 GET /config 200 in 20ms (compile: 4ms, render: 16ms)
 GET /dashboard 200 in 50ms (compile: 6ms, render: 44ms)
 GET /dashboard 200 in 55ms (compile: 4ms, render: 51ms)
 GET /dashboard 200 in 23ms (compile: 6ms, render: 18ms)
 GET /users 200 in 23ms (compile: 5ms, render: 18ms)
 GET /dashboard 200 in 18ms (compile: 3ms, render: 16ms)
 GET /stocks 200 in 21ms (compile: 4ms, render: 17ms)
 GET /dashboard 200 in 22ms (compile: 4ms, render: 18ms)
 GET /sync 200 in 257ms (compile: 249ms, render: 8ms)
 GET /sync 200 in 52ms (compile: 3ms, render: 50ms)
 GET / 200 in 38ms (compile: 5ms, render: 33ms)
 GET /dashboard 200 in 13ms (compile: 3ms, render: 10ms)
 GET /tables 200 in 22ms (compile: 5ms, render: 18ms)
 GET /tables 200 in 101ms (compile: 13ms, render: 88ms)
 GET /sync 200 in 51ms (compile: 6ms, render: 45ms)
 GET /tables 200 in 96ms (compile: 27ms, render: 70ms)
 GET / 200 in 32ms (compile: 3ms, render: 28ms)
 GET /dashboard 200 in 15ms (compile: 4ms, render: 11ms)
 GET /stocks 200 in 25ms (compile: 5ms, render: 20ms)
 GET /tables 200 in 58ms (compile: 19ms, render: 39ms)
 GET /sync 200 in 50ms (compile: 8ms, render: 42ms)
 GET /sync 200 in 107ms (compile: 25ms, render: 82ms)
 GET /sync 200 in 121ms (compile: 23ms, render: 99ms)
 GET /sync 200 in 69ms (compile: 12ms, render: 57ms)
 GET /dashboard 200 in 43ms (compile: 5ms, render: 38ms)
 GET /sync 200 in 23ms (compile: 4ms, render: 19ms)
 GET /dashboard 200 in 23ms (compile: 8ms, render: 15ms)
 ✓ Compiled in 165ms
 GET /sync 200 in 118ms (compile: 98ms, render: 19ms)
 GET /sectors 200 in 20ms (compile: 4ms, render: 16ms)
 GET /dashboard 200 in 22ms (compile: 6ms, render: 15ms)
 GET /users 200 in 19ms (compile: 4ms, render: 15ms)
 GET /dashboard 200 in 20ms (compile: 3ms, render: 16ms)
 GET /tables 200 in 18ms (compile: 4ms, render: 14ms)
 GET /dashboard 200 in 31ms (compile: 9ms, render: 22ms)
 GET /users 200 in 22ms (compile: 5ms, render: 17ms)
 GET /dashboard 200 in 30ms (compile: 7ms, render: 23ms)
 GET /users 200 in 21ms (compile: 5ms, render: 17ms)
[?25h
