DEBUG 2026-01-04 22:01:42,946 functional 
def unlock_chord(self, group_id, callback, interval=0, max_retries=1, result=2, Result=3, GroupResult=4, result_from_tuple=5, **kwargs):
    return 1

DEBUG 2026-01-04 22:01:42,946 functional 
def group(self, tasks, result, group_id, partial_args, add_to_parent=0):
    return 1

DEBUG 2026-01-04 22:01:42,946 functional 
def sync_hard_task(sync_type, start_date, end_date, instruments=0, user_id=1):
    return 1

DEBUG 2026-01-04 22:01:42,947 functional 
def xmap(task, it):
    return 1

DEBUG 2026-01-04 22:01:42,947 functional 
def sync_stocks_task(is_auto=0, user_id=1, from_date=2, to_date=3, instruments=4, sync_indices=5):
    return 1

DEBUG 2026-01-04 22:01:42,948 functional 
def backend_cleanup():
    return 1

DEBUG 2026-01-04 22:01:42,948 functional 
def auto_sync_daily():
    return 1

DEBUG 2026-01-04 22:01:42,948 functional 
def chain(*args, **kwargs):
    return 1

DEBUG 2026-01-04 22:01:42,949 functional 
def debug_task(self):
    return 1

DEBUG 2026-01-04 22:01:42,949 functional 
def xstarmap(task, it):
    return 1

DEBUG 2026-01-04 22:01:42,950 functional 
def execute_backtest_task(backtest_run_id, stock_ids, execution_mode=0):
    return 1

DEBUG 2026-01-04 22:01:42,950 functional 
def accumulate(self, *args, **kwargs):
    return 1

DEBUG 2026-01-04 22:01:42,950 functional 
def chord(self, header, body, partial_args=0, interval=1, countdown=2, max_retries=3, eager=4, **kwargs):
    return 1

DEBUG 2026-01-04 22:01:42,950 functional 
def chunks(task, it, n):
    return 1

[2026-01-04 22:01:43,028: INFO/MainProcess] beat: Starting...
[2026-01-04 22:01:43,043: WARNING/MainProcess] 
Setting ssl_cert_reqs=CERT_NONE when connecting to redis means that celery will not validate the identity of the redis broker when connecting. This leaves you vulnerable to man in the middle attacks.

